<?xml version="1.0" encoding="UTF-8"?>
<robot generator="Robot 4.1.2 (Python 3.10.0 on win32)" generated="20211120 21:00:49.403" rpa="false" schemaversion="2">
<suite id="s1" name="Radios" source="D:\www\TestesAutomatizados\RobotFramework-QANINJA\web\tests\radios.robot">
<test id="s1-t1" name="Selecting option with value">
<kw name="Nova Sessão" library="base" type="SETUP">
<kw name="Open Browser" library="SeleniumLibrary">
<arg>${urlBase}</arg>
<arg>chrome</arg>
<doc>Opens a new browser instance to the optional ``url``.</doc>
<msg timestamp="20211120 21:00:49.876" level="INFO">Opening browser 'chrome' to base url 'https://training-wheels-protocol.herokuapp.com/'.</msg>
<status status="PASS" starttime="20211120 21:00:49.875" endtime="20211120 21:00:54.366"/>
</kw>
<status status="PASS" starttime="20211120 21:00:49.874" endtime="20211120 21:00:54.366"/>
</kw>
<kw name="Go To" library="SeleniumLibrary">
<arg>${urlBase}/radios</arg>
<doc>Navigates the current browser window to the provided ``url``.</doc>
<msg timestamp="20211120 21:00:54.368" level="INFO">Opening url 'https://training-wheels-protocol.herokuapp.com//radios'</msg>
<status status="PASS" starttime="20211120 21:00:54.367" endtime="20211120 21:00:54.819"/>
</kw>
<kw name="Select Radio Button" library="SeleniumLibrary">
<arg>movies</arg>
<arg>guardians</arg>
<doc>Sets the radio button group ``group_name`` to ``value``.</doc>
<msg timestamp="20211120 21:00:54.821" level="INFO">Selecting 'guardians' from radio button 'movies'.</msg>
<status status="PASS" starttime="20211120 21:00:54.820" endtime="20211120 21:00:54.950"/>
</kw>
<kw name="Radio Button Should Be Set To" library="SeleniumLibrary">
<arg>movies</arg>
<arg>guardians</arg>
<doc>Verifies radio button group ``group_name`` is set to ``value``.</doc>
<msg timestamp="20211120 21:00:54.951" level="INFO">Verifying radio button 'movies' has selection 'guardians'.</msg>
<status status="PASS" starttime="20211120 21:00:54.951" endtime="20211120 21:00:55.035"/>
</kw>
<kw name="Sleep" library="BuiltIn">
<arg>5</arg>
<doc>Pauses the test executed for the given time.</doc>
<msg timestamp="20211120 21:01:00.039" level="INFO">Slept 5 seconds</msg>
<status status="PASS" starttime="20211120 21:00:55.036" endtime="20211120 21:01:00.039"/>
</kw>
<kw name="Encerrar Sessão" library="base" type="TEARDOWN">
<kw name="Capture Page Screenshot" library="SeleniumLibrary">
<doc>Takes a screenshot of the current page and embeds it into a log file.</doc>
<msg timestamp="20211120 21:01:00.227" level="INFO" html="true">&lt;/td&gt;&lt;/tr&gt;&lt;tr&gt;&lt;td colspan="3"&gt;&lt;a href="selenium-screenshot-7.png"&gt;&lt;img src="selenium-screenshot-7.png" width="800px"&gt;&lt;/a&gt;</msg>
<status status="PASS" starttime="20211120 21:01:00.041" endtime="20211120 21:01:00.227"/>
</kw>
<kw name="Close Browser" library="SeleniumLibrary">
<doc>Closes the current browser.</doc>
<status status="PASS" starttime="20211120 21:01:00.227" endtime="20211120 21:01:04.237"/>
</kw>
<status status="PASS" starttime="20211120 21:01:00.040" endtime="20211120 21:01:04.237"/>
</kw>
<tag>guardians</tag>
<status status="PASS" starttime="20211120 21:00:49.872" endtime="20211120 21:01:04.238"/>
</test>
<status status="PASS" starttime="20211120 21:00:49.408" endtime="20211120 21:01:04.241"/>
</suite>
<statistics>
<total>
<stat pass="1" fail="0" skip="0">All Tests</stat>
</total>
<tag>
<stat pass="1" fail="0" skip="0">guardians</stat>
</tag>
<suite>
<stat pass="1" fail="0" skip="0" id="s1" name="Radios">Radios</stat>
</suite>
</statistics>
<errors>
</errors>
</robot>
