<?xml version="1.0" encoding="UTF-8"?>
<robot generator="Robot 4.1.2 (Python 3.10.0 on win32)" generated="20211120 15:35:31.501" rpa="false" schemaversion="2">
<suite id="s1" name="Test" source="D:\www\TestesAutomatizados\RobotFramework-QANINJA\tests\test.robot">
<test id="s1-t1" name="Deve retornar mensagem de boas vindas">
<kw name="Welcome" library="app">
<var>${result}</var>
<arg>Jubileu da Silva Xablau</arg>
<msg timestamp="20211120 15:35:31.566" level="INFO">${result} = Olá Jubileu da Silva Xablau, bem-vindo ao curso básico de Robot Framework!</msg>
<status status="PASS" starttime="20211120 15:35:31.566" endtime="20211120 15:35:31.566"/>
</kw>
<kw name="Log To Console" library="BuiltIn">
<arg>${result}</arg>
<doc>Logs the given message to the console.</doc>
<status status="PASS" starttime="20211120 15:35:31.567" endtime="20211120 15:35:31.569"/>
</kw>
<kw name="Should Be Equal" library="BuiltIn">
<arg>${result}</arg>
<arg>Olá Jubileu da Silva Xablau, bem-vindo ao curso básico de Robot Framework!</arg>
<doc>Fails if the given objects are unequal.</doc>
<status status="PASS" starttime="20211120 15:35:31.569" endtime="20211120 15:35:31.574"/>
</kw>
<status status="PASS" starttime="20211120 15:35:31.564" endtime="20211120 15:35:31.575"/>
</test>
<status status="PASS" starttime="20211120 15:35:31.506" endtime="20211120 15:35:31.580"/>
</suite>
<statistics>
<total>
<stat pass="1" fail="0" skip="0">All Tests</stat>
</total>
<tag>
</tag>
<suite>
<stat pass="1" fail="0" skip="0" id="s1" name="Test">Test</stat>
</suite>
</statistics>
<errors>
</errors>
</robot>
